Arguments: 
  C:\Program Files\nodejs\node.exe C:\Program Files (x86)\Yarn\bin\yarn.js add dotevn

PATH: 
  C:\Users\wwwaa\bin;C:\Program Files\Git\mingw64\bin;C:\Program Files\Git\usr\local\bin;C:\Program Files\Git\usr\bin;C:\Program Files\Git\usr\bin;C:\Program Files\Git\cmd;C:\Program Files (x86)\Intel\iCLS Client;C:\Program Files\Intel\iCLS Client;C:\Windows\system32;C:\Windows;C:\Windows\System32\Wbem;C:\Windows\System32\WindowsPowerShell\v1.0;C:\Program Files (x86)\Intel\Intel(R) Management Engine Components\DAL;C:\Program Files\Intel\Intel(R) Management Engine Components\DAL;C:\Program Files (x86)\Intel\Intel(R) Management Engine Components\IPT;C:\Program Files\Intel\Intel(R) Management Engine Components\IPT;C:\Program Files (x86)\NVIDIA Corporation\PhysX\Common;C:\WINDOWS\system32;C:\WINDOWS;C:\WINDOWS\System32\Wbem;C:\WINDOWS\System32\WindowsPowerShell\v1.0;C:\WINDOWS\System32\OpenSSH;C:\Program Files\Git\cmd;C:\Program Files\nodejs;C:\Program Files (x86)\Yarn\bin;C:\Users\wwwaa\AppData\Local\Microsoft\WindowsApps;C:\Users\wwwaa\AppData\Local\Microsoft\WindowsApps;C:\Users\wwwaa\AppData\Local\Programs\Microsoft VS Code\bin;C:\Users\wwwaa\AppData\Roaming\npm;C:\Users\wwwaa\AppData\Local\Yarn\bin;C:\Users\wwwaa\AppData\Local\hyper\app-2.1.2\resources\bin;C:\Program Files\Git\usr\bin\vendor_perl;C:\Program Files\Git\usr\bin\core_perl

Yarn version: 
  1.13.0

Node version: 
  11.6.0

Platform: 
  win32 x64

Trace: 
  Error: https://registry.yarnpkg.com/dotevn: Not found
      at Request.params.callback [as _callback] (C:\Program Files (x86)\Yarn\lib\cli.js:65364:18)
      at Request.self.callback (C:\Program Files (x86)\Yarn\lib\cli.js:129397:22)
      at Request.emit (events.js:188:13)
      at Request.<anonymous> (C:\Program Files (x86)\Yarn\lib\cli.js:130369:10)
      at Request.emit (events.js:188:13)
      at IncomingMessage.<anonymous> (C:\Program Files (x86)\Yarn\lib\cli.js:130291:12)
      at Object.onceWrapper (events.js:276:13)
      at IncomingMessage.emit (events.js:193:15)
      at endReadableNT (_stream_readable.js:1129:12)
      at process.internalTickCallback (internal/process/next_tick.js:72:19)

npm manifest: 
  {
    "name": "node-express",
    "version": "0.0.1",
    "description": "LambdaSchool Node.js and Express",
    "private": true,
    "main": "index.js",
    "scripts": {
      "server": "nodemon index.js"
    },
    "license": "ISC",
    "dependencies": {
      "knex": "^0.16.3",
      "sqlite3": "^4.0.6"
    },
    "devDependencies": {
      "nodemon": "^1.18.10"
    }
  }

yarn manifest: 
  No manifest

Lockfile: 
  No lockfile
